Determining if the pthread_create exist failed with the following output:
Change Dir: /home/oleg_shipitko/truggy/build/CMakeFiles/CMakeTmp

Run Build Command:"/usr/bin/make" "cmTC_08fe9/fast"
/usr/bin/make -f CMakeFiles/cmTC_08fe9.dir/build.make CMakeFiles/cmTC_08fe9.dir/build
make[1]: Entering directory '/home/oleg_shipitko/truggy/build/CMakeFiles/CMakeTmp'
Building C object CMakeFiles/cmTC_08fe9.dir/CheckSymbolExists.c.o
/usr/bin/cc     -o CMakeFiles/cmTC_08fe9.dir/CheckSymbolExists.c.o   -c /home/oleg_shipitko/truggy/build/CMakeFiles/CMakeTmp/CheckSymbolExists.c
Linking C executable cmTC_08fe9
/usr/bin/cmake -E cmake_link_script CMakeFiles/cmTC_08fe9.dir/link.txt --verbose=1
/usr/bin/cc       CMakeFiles/cmTC_08fe9.dir/CheckSymbolExists.c.o  -o cmTC_08fe9 -rdynamic 
CMakeFiles/cmTC_08fe9.dir/CheckSymbolExists.c.o: In function `main':
CheckSymbolExists.c:(.text+0x16): undefined reference to `pthread_create'
collect2: error: ld returned 1 exit status
CMakeFiles/cmTC_08fe9.dir/build.make:97: recipe for target 'cmTC_08fe9' failed
make[1]: *** [cmTC_08fe9] Error 1
make[1]: Leaving directory '/home/oleg_shipitko/truggy/build/CMakeFiles/CMakeTmp'
Makefile:126: recipe for target 'cmTC_08fe9/fast' failed
make: *** [cmTC_08fe9/fast] Error 2

File /home/oleg_shipitko/truggy/build/CMakeFiles/CMakeTmp/CheckSymbolExists.c:
/* */
#include <pthread.h>

int main(int argc, char** argv)
{
  (void)argv;
#ifndef pthread_create
  return ((int*)(&pthread_create))[argc];
#else
  (void)argc;
  return 0;
#endif
}

Determining if the function pthread_create exists in the pthreads failed with the following output:
Change Dir: /home/oleg_shipitko/truggy/build/CMakeFiles/CMakeTmp

Run Build Command:"/usr/bin/make" "cmTC_c58bc/fast"
/usr/bin/make -f CMakeFiles/cmTC_c58bc.dir/build.make CMakeFiles/cmTC_c58bc.dir/build
make[1]: Entering directory '/home/oleg_shipitko/truggy/build/CMakeFiles/CMakeTmp'
Building C object CMakeFiles/cmTC_c58bc.dir/CheckFunctionExists.c.o
/usr/bin/cc    -DCHECK_FUNCTION_EXISTS=pthread_create   -o CMakeFiles/cmTC_c58bc.dir/CheckFunctionExists.c.o   -c /usr/share/cmake-3.5/Modules/CheckFunctionExists.c
Linking C executable cmTC_c58bc
/usr/bin/cmake -E cmake_link_script CMakeFiles/cmTC_c58bc.dir/link.txt --verbose=1
/usr/bin/cc   -DCHECK_FUNCTION_EXISTS=pthread_create    CMakeFiles/cmTC_c58bc.dir/CheckFunctionExists.c.o  -o cmTC_c58bc -rdynamic -lpthreads 
/usr/bin/ld: cannot find -lpthreads
collect2: error: ld returned 1 exit status
CMakeFiles/cmTC_c58bc.dir/build.make:97: recipe for target 'cmTC_c58bc' failed
make[1]: *** [cmTC_c58bc] Error 1
make[1]: Leaving directory '/home/oleg_shipitko/truggy/build/CMakeFiles/CMakeTmp'
Makefile:126: recipe for target 'cmTC_c58bc/fast' failed
make: *** [cmTC_c58bc/fast] Error 2


